[handleMsg]:  {
  key: {
    remoteJid: '917541948682@s.whatsapp.net',
    fromMe: false,
    id: '4FDAA9C84AE2DCC07C9DDDB002A9B55A',
    participant: undefined
  },
  messageTimestamp: 1693993945,
  pushName: 'Amrit Kumar Chanchal',
  broadcast: false,
  message: Message {
    conversation: 'tuto',
    messageContextInfo: MessageContextInfo {
      deviceListMetadata: [DeviceListMetadata],
      deviceListMetadataVersion: 2
    }
  },
  verifiedBizName: 'Amrit Kumar Chanchal',
  body: 'tuto',
  from: '917541948682'
}
[handleMsg]:  {
  key: {
    remoteJid: '917541948682@s.whatsapp.net',
    fromMe: false,
    id: '16F6E511A4700C8EEE37314007ABD31D',
    participant: undefined
  },
  messageTimestamp: 1693993961,
  pushName: 'Amrit Kumar Chanchal',
  broadcast: false,
  message: Message {
    conversation: 'tutorial',
    messageContextInfo: MessageContextInfo {
      deviceListMetadata: [DeviceListMetadata],
      deviceListMetadataVersion: 2
    }
  },
  verifiedBizName: 'Amrit Kumar Chanchal',
  body: 'tutorial',
  from: '917541948682'
}
[handleMsg]:  {
  key: {
    remoteJid: '917541948682@s.whatsapp.net',
    fromMe: false,
    id: '8B0F92A33F524DB428E084BE66C2182A',
    participant: undefined
  },
  messageTimestamp: 1693993978,
  pushName: 'Amrit Kumar Chanchal',
  broadcast: false,
  message: Message {
    conversation: 'grac',
    messageContextInfo: MessageContextInfo {
      deviceListMetadata: [DeviceListMetadata],
      deviceListMetadataVersion: 2
    }
  },
  verifiedBizName: 'Amrit Kumar Chanchal',
  body: 'grac',
  from: '917541948682'
}
[handleMsg]:  {
  key: {
    remoteJid: '917541948682@s.whatsapp.net',
    fromMe: false,
    id: '0F14F43C2D4D72E61D7BC9FB36C92FAD',
    participant: undefined
  },
  messageTimestamp: 1693993999,
  pushName: 'Amrit Kumar Chanchal',
  broadcast: false,
  message: Message {
    conversation: 'hola',
    messageContextInfo: MessageContextInfo {
      deviceListMetadata: [DeviceListMetadata],
      deviceListMetadataVersion: 2
    }
  },
  verifiedBizName: 'Amrit Kumar Chanchal',
  body: 'hola',
  from: '917541948682'
}
[QUEUE_SE_ENVIO]:  {
  ref: 'ans_1ffa5855-af43-47ff-b269-d110713ceb60',
  keyword: 'key_55625a76-45ca-4338-9626-9891ede313a8',
  answer: '🙌 Hola bhai Aur Sab Badiya bienvenido a este *Chatbot*',
  options: {
    media: null,
    buttons: [],
    capture: false,
    child: null,
    delay: 0,
    nested: [],
    keyword: {},
    callback: false
  },
  refSerialize: '4728b27d4bb33059928214f43557e204'
}
[QUEUE_SE_ENVIO]:  {
  ref: 'ans_b9086b63-5bb5-40bb-b0db-4ab2a53edde2',
  keyword: 'ans_1ffa5855-af43-47ff-b269-d110713ceb60',
  answer: 'te comparto los siguientes links de interes sobre el proyecto\n' +
    '👉 *doc* para ver la documentación\n' +
    '👉 *gracias*  para ver la lista de videos\n' +
    '👉 *discord* unirte al discord',
  options: {
    media: null,
    buttons: [],
    capture: false,
    child: null,
    delay: 0,
    nested: [
      [Object], [Object],
      [Object], [Object],
      [Object], [Object],
      [Object], [Object]
    ],
    keyword: {},
    callback: false
  },
  refSerialize: '02ff726b17a2c2d04b45806cb3503ca0'
}
[handleMsg]:  {
  key: {
    remoteJid: '917541948682@s.whatsapp.net',
    fromMe: false,
    id: 'AD7796BCF636F76FDE35640FEEFEBC89',
    participant: undefined
  },
  messageTimestamp: 1693994046,
  pushName: 'Amrit Kumar Chanchal',
  broadcast: false,
  message: Message {
    conversation: 'doc',
    messageContextInfo: MessageContextInfo {
      deviceListMetadata: [DeviceListMetadata],
      deviceListMetadataVersion: 2
    }
  },
  verifiedBizName: 'Amrit Kumar Chanchal',
  body: 'doc',
  from: '917541948682'
}
[QUEUE_SE_ENVIO]:  {
  ref: 'ans_d56fa6e3-c096-41d8-8d2e-40be1f661819',
  keyword: 'key_b78a8081-3f8b-4614-82d7-f4badc38dc49',
  answer: '📄 Aquí encontras las recuerda que puedes mejorarla\n' +
    'https://bot-whatsapp.netlify.app/\n' +
    '\n' +
    '*2* Para siguiente paso.',
  options: {
    media: null,
    buttons: [],
    capture: false,
    child: null,
    delay: 0,
    nested: [ [Object], [Object] ],
    keyword: {},
    callback: false
  },
  refSerialize: '022542a0e3e54274650f3ca6895b4e40'
}
[handleMsg]:  {
  key: {
    remoteJid: '917541948682@s.whatsapp.net',
    fromMe: false,
    id: '36EBC0F43F74A7C77B83D32DFF3F8CEE',
    participant: undefined
  },
  messageTimestamp: 1693994057,
  pushName: 'Amrit Kumar Chanchal',
  broadcast: false,
  message: Message {
    conversation: '2',
    messageContextInfo: MessageContextInfo {
      deviceListMetadata: [DeviceListMetadata],
      deviceListMetadataVersion: 2
    }
  },
  verifiedBizName: 'Amrit Kumar Chanchal',
  body: '2',
  from: '917541948682'
}
[QUEUE_SE_ENVIO]:  {
  ref: 'ans_6b1571ae-be4f-4f42-b13e-e35142af6eef',
  keyword: 'key_b395ca14-bf8b-4d8e-83dd-59d3fd3822ab',
  answer: '📄 Aquí tenemos el flujo secundario',
  options: {
    media: null,
    buttons: [],
    capture: false,
    child: null,
    delay: 0,
    nested: [],
    keyword: {},
    callback: false
  },
  refSerialize: 'dad0053f97a62d3de26e126a00667118'
}
[handleMsg]:  {
  key: {
    remoteJid: '917541948682@s.whatsapp.net',
    fromMe: false,
    id: '444CAB882C08A3309BA42C5B872E1A9F',
    participant: undefined
  },
  messageTimestamp: 1693994074,
  pushName: 'Amrit Kumar Chanchal',
  broadcast: false,
  message: Message {
    conversation: 'tuto',
    messageContextInfo: MessageContextInfo {
      deviceListMetadata: [DeviceListMetadata],
      deviceListMetadataVersion: 2
    }
  },
  verifiedBizName: 'Amrit Kumar Chanchal',
  body: 'tuto',
  from: '917541948682'
}
